<?xml version="1.0" encoding="UTF-8"?>
<!-- Generated by org.testng.reporters.JUnitXMLReporter -->
<testsuite hostname="WINDOWS-DIFL28V" failures="1" tests="2" name="Validate Title" time="0.035" errors="0" timestamp="2 Apr 2020 15:33:09 GMT">
  <testcase classname="Academy.validateTitle" name="@BeforeTest intialize" time="0.0">
    <failure type="java.lang.NullPointerException">
      <![CDATA[java.lang.NullPointerException
	at resources.base.InitializeDriver(base.java:43)
	at Academy.validateTitle.intialize(validateTitle.java:22)
... Removed 22 stack frames]]>
    </failure>
  </testcase> <!-- @BeforeTest intialize -->
  <testcase classname="Academy.validateTitle" name="@AfterTest teardown" time="0.0">
    <skipped/>
  </testcase> <!-- @AfterTest teardown -->
  <testcase classname="Academy.validateTitle" name="basePageNavigation" time="0.01">
    <skipped/>
  </testcase> <!-- basePageNavigation -->
  <testcase classname="Academy.validateTitle" name="basePageNavigation" time="0.015">
    <failure type="java.lang.NullPointerException">
      <![CDATA[java.lang.NullPointerException
	at java.base/java.util.regex.Matcher.getTextLength(Matcher.java:1770)
	at java.base/java.util.regex.Matcher.reset(Matcher.java:416)
	at java.base/java.util.regex.Matcher.<init>(Matcher.java:253)
	at java.base/java.util.regex.Pattern.matcher(Pattern.java:1134)
	at com.aventstack.extentreports.utils.ExceptionUtil.getExceptionHeadline(ExceptionUtil.java:25)
	at com.aventstack.extentreports.ExtentTest.log(ExtentTest.java:399)
	at com.aventstack.extentreports.ExtentTest.skip(ExtentTest.java:943)
	at com.aventstack.extentreports.ExtentTest.skip(ExtentTest.java:955)
	at Academy.ExtentReportsListeners.onTestSkipped(ExtentReportsListeners.java:63)
... Removed 21 stack frames]]>
    </failure>
  </testcase> <!-- basePageNavigation -->
</testsuite> <!-- Validate Title -->
