<?xml version="1.0" encoding="UTF-8"?>
<!-- Generated by org.testng.reporters.JUnitXMLReporter -->
<testsuite hostname="WINDOWS-DIFL28V" failures="2" tests="2" name="Validate Homepage" time="0.028" errors="0" timestamp="2 Apr 2020 15:33:08 GMT">
  <testcase classname="Academy.HomePage" name="basePageNavigation" time="0.002">
    <failure type="java.lang.NullPointerException">
      <![CDATA[java.lang.NullPointerException
	at resources.base.InitializeDriver(base.java:43)
	at Academy.HomePage.basePageNavigation(HomePage.java:22)
... Removed 24 stack frames]]>
    </failure>
  </testcase> <!-- basePageNavigation -->
  <testcase classname="Academy.HomePage" name="basePageNavigation" time="0.003">
    <failure type="java.lang.NullPointerException">
      <![CDATA[java.lang.NullPointerException
	at resources.base.InitializeDriver(base.java:43)
	at Academy.HomePage.basePageNavigation(HomePage.java:22)
... Removed 24 stack frames]]>
    </failure>
  </testcase> <!-- basePageNavigation -->
</testsuite> <!-- Validate Homepage -->
