<?xml version="1.0" encoding="UTF-8"?>
<!-- Generated by org.testng.reporters.JUnitXMLReporter -->
<testsuite hostname="WINDOWS-DIFL28V" failures="0" tests="4" name="Test" time="55.295" errors="0" timestamp="30 Mar 2020 22:57:43 GMT">
  <testcase classname="Academy.validateNavigationBar" name="basePageNavigation" time="0.18"/>
  <testcase classname="Academy.HomePage" name="basePageNavigation" time="15.74"/>
  <testcase classname="Academy.HomePage" name="basePageNavigation" time="15.62"/>
  <testcase classname="Academy.validateTitle" name="basePageNavigation" time="0.059"/>
</testsuite> <!-- Test -->
